Drill report for EuroPi-X.kicad_pcb
Created on 2023-11-25 16:41:33

Copper Layer Stackup:
    =============================================================
    L1 :  F.Cu                      front
    L2 :  B.Cu                      back


Drill file 'EuroPi-X-PTH.drl' contains
    plated through holes:
    =============================================================
    T1  0,300mm  0,0118"  (302 holes)
    T2  0,600mm  0,0236"  (4 holes)  (with 4 slots)
    T3  0,762mm  0,0300"  (24 holes)
    T4  1,000mm  0,0394"  (108 holes)
    T5  1,200mm  0,0472"  (24 holes)

    Total plated holes count 462


Drill file 'EuroPi-X-NPTH.drl' contains
    unplated through holes:
    =============================================================
    T1  0,500mm  0,0197"  (18 holes)
    T2  0,650mm  0,0256"  (2 holes)

    Total unplated holes count 20
