Drill report for euroPI-kicad_incl_555_clock.kicad_pcb
Created on 2023-11-30 21:37:13

Copper Layer Stackup:
    =============================================================
    L1 :  F.Cu                      front
    L2 :  B.Cu                      back


Drill file 'euroPI-kicad_incl_555_clock-PTH.drl' contains
    plated through holes:
    =============================================================
    T1  0,400mm  0,0157"  (12 holes)
    T2  0,500mm  0,0197"  (26 holes)
    T3  0,750mm  0,0295"  (3 holes)
    T4  0,800mm  0,0315"  (164 holes)
    T5  0,900mm  0,0354"  (22 holes)
    T6  1,000mm  0,0394"  (121 holes)
    T7  1,100mm  0,0433"  (3 holes)
    T8  1,220mm  0,0480"  (9 holes)
    T9  1,420mm  0,0559"  (9 holes)
    T10  1,430mm  0,0563"  (9 holes)
    T11  1,500mm  0,0591"  (4 holes)

    Total plated holes count 382


Drill file 'euroPI-kicad_incl_555_clock-NPTH.drl' contains
    unplated through holes:
    =============================================================
    T1  1,700mm  0,0669"  (4 holes)
    T2  2,200mm  0,0866"  (6 holes)
    T3  4,000mm  0,1575"  (2 holes)

    Total unplated holes count 12
